<?xml version="1.0" encoding="UTF-8"?>
<!-- Generated by org.testng.reporters.JUnitReportReporter -->
<testsuite hostname="DESKTOP-A7GO9P6" failures="0" tests="1" name="FirstProject.MyTestCases" time="10.951" errors="0" timestamp="2024-12-24T13:44:15 EET" skipped="0">
  <testcase classname="FirstProject.MyTestCases" name="MySecondTest" time="10.951"/>
  <system-out/>
</testsuite> <!-- FirstProject.MyTestCases -->
