<?xml version="1.0" encoding="UTF-8"?>
<!-- Generated by org.testng.reporters.JUnitReportReporter -->
<testsuite hostname="DESKTOP-A7GO9P6" failures="0" tests="3" name="FirstProject.task1LeftOnly" time="2.734" errors="0" timestamp="2024-12-29T18:18:16 EET" skipped="1">
  <testcase classname="FirstProject.task1LeftOnly" name="Login" time="0.460"/>
  <system-out/>
  <testcase classname="FirstProject.task1LeftOnly" name="AddOnlyRightProducts" time="2.274"/>
  <system-out/>
  <testcase classname="FirstProject.task1LeftOnly" name="AddOnlyLeftProducts">
    <skipped/>
  </testcase> <!-- AddOnlyLeftProducts -->
  <system-out/>
</testsuite> <!-- FirstProject.task1LeftOnly -->
